2023-07-13 17:51:31,417-INFO-Authentification succeeded (200)
2023-07-13 17:51:31,718-INFO-Authentification succeeded (200)
2023-07-13 17:51:32,205-INFO-1 / 6 alerts have been processed.
2023-07-13 17:51:32,578-INFO-2 / 6 alerts have been processed.
2023-07-13 17:51:33,101-INFO-3 / 6 alerts have been processed.
2023-07-13 17:51:33,504-INFO-4 / 6 alerts have been processed.
2023-07-13 17:51:34,165-INFO-5 / 6 alerts have been processed.
2023-07-13 17:51:34,966-INFO-6 / 6 alerts have been processed.
2023-07-13 17:51:35,755-INFO-0 new ads have been found for alert St egreve
2023-07-13 17:51:36,947-INFO-0 new ads have been found for alert fontaine
2023-07-13 17:51:36,970-INFO-0 new ads have been found for alert bourgoin jallieu
2023-07-13 17:51:37,011-INFO-0 new ads have been found for alert St martin d'hères
2023-07-13 17:51:37,027-INFO-0 new ads have been found for alert grenoble
2023-07-13 17:51:37,038-INFO-0 new ads have been found for alert meylan
2023-07-13 17:58:32,098-INFO-Authentification succeeded (200)
2023-07-13 17:58:32,390-INFO-Authentification succeeded (200)
2023-07-13 17:58:32,996-INFO-1 / 6 alerts have been processed.
2023-07-13 17:58:33,508-INFO-2 / 6 alerts have been processed.
2023-07-13 17:58:34,020-INFO-3 / 6 alerts have been processed.
2023-07-13 17:58:34,430-INFO-4 / 6 alerts have been processed.
2023-07-13 17:58:34,842-INFO-5 / 6 alerts have been processed.
2023-07-13 17:58:35,542-INFO-6 / 6 alerts have been processed.
2023-07-13 17:58:35,924-INFO-0 new ads have been found for alert St egreve
2023-07-13 17:58:36,191-INFO-0 new ads have been found for alert St martin d'hères
2023-07-13 17:58:37,302-INFO-1 new ads have been found for alert meylan
2023-07-13 17:58:37,312-INFO-0 new ads have been found for alert fontaine
2023-07-13 17:58:37,319-INFO-0 new ads have been found for alert grenoble
2023-07-13 17:58:37,320-INFO-0 new ads have been found for alert bourgoin jallieu
2023-07-13 17:59:34,847-INFO-Authentification succeeded (200)
2023-07-13 17:59:35,165-INFO-Authentification succeeded (200)
2023-07-13 17:59:35,671-INFO-1 / 6 alerts have been processed.
2023-07-13 17:59:36,793-INFO-2 / 6 alerts have been processed.
2023-07-13 17:59:37,422-INFO-3 / 6 alerts have been processed.
2023-07-13 17:59:38,016-INFO-4 / 6 alerts have been processed.
2023-07-13 17:59:38,533-INFO-5 / 6 alerts have been processed.
2023-07-13 17:59:38,983-INFO-6 / 6 alerts have been processed.
2023-07-13 17:59:39,912-INFO-0 new ads have been found for alert St egreve
2023-07-13 17:59:39,992-INFO-0 new ads have been found for alert bourgoin jallieu
2023-07-13 17:59:40,004-INFO-0 new ads have been found for alert meylan
2023-07-13 17:59:40,375-INFO-0 new ads have been found for alert fontaine
2023-07-13 17:59:40,383-INFO-0 new ads have been found for alert St martin d'hères
2023-07-13 17:59:40,403-INFO-0 new ads have been found for alert grenoble
2023-07-13 18:00:44,941-INFO-Authentification succeeded (200)
2023-07-13 18:00:45,284-INFO-Authentification succeeded (200)
2023-07-13 18:00:45,840-INFO-1 / 6 alerts have been processed.
2023-07-13 18:00:46,349-INFO-2 / 6 alerts have been processed.
2023-07-13 18:00:46,920-INFO-3 / 6 alerts have been processed.
2023-07-13 18:00:47,886-INFO-4 / 6 alerts have been processed.
2023-07-13 18:00:48,384-INFO-5 / 6 alerts have been processed.
2023-07-13 18:00:49,117-INFO-6 / 6 alerts have been processed.
2023-07-13 18:00:49,687-INFO-0 new ads have been found for alert St egreve
2023-07-13 18:00:49,863-INFO-0 new ads have been found for alert St martin d'hères
2023-07-13 18:00:50,243-INFO-0 new ads have been found for alert bourgoin jallieu
2023-07-13 18:00:50,250-INFO-0 new ads have been found for alert grenoble
2023-07-13 18:00:50,283-INFO-0 new ads have been found for alert fontaine
2023-07-13 18:00:50,310-INFO-0 new ads have been found for alert meylan
2023-07-13 18:01:10,230-INFO-Authentification succeeded (200)
2023-07-13 18:01:10,613-INFO-Authentification succeeded (200)
2023-07-13 18:01:11,131-INFO-1 / 6 alerts have been processed.
2023-07-13 18:01:11,743-INFO-2 / 6 alerts have been processed.
2023-07-13 18:01:12,358-INFO-3 / 6 alerts have been processed.
2023-07-13 18:01:13,181-INFO-4 / 6 alerts have been processed.
2023-07-13 18:01:13,689-INFO-5 / 6 alerts have been processed.
2023-07-13 18:01:14,180-INFO-6 / 6 alerts have been processed.
2023-07-13 18:01:14,608-INFO-0 new ads have been found for alert meylan
2023-07-13 18:01:15,123-INFO-0 new ads have been found for alert St egreve
2023-07-13 18:01:15,127-INFO-0 new ads have been found for alert bourgoin jallieu
2023-07-13 18:01:15,138-INFO-0 new ads have been found for alert St martin d'hères
2023-07-13 18:01:15,210-INFO-0 new ads have been found for alert fontaine
2023-07-13 18:01:15,271-INFO-0 new ads have been found for alert grenoble
2023-07-13 18:01:20,036-INFO-Authentification succeeded (200)
2023-07-13 18:01:20,355-INFO-Authentification succeeded (200)
2023-07-13 18:01:20,967-INFO-1 / 6 alerts have been processed.
2023-07-13 18:01:21,595-INFO-2 / 6 alerts have been processed.
2023-07-13 18:01:22,217-INFO-3 / 6 alerts have been processed.
2023-07-13 18:01:22,721-INFO-4 / 6 alerts have been processed.
2023-07-13 18:01:23,418-INFO-5 / 6 alerts have been processed.
2023-07-13 18:01:23,951-INFO-6 / 6 alerts have been processed.
2023-07-13 18:01:24,759-INFO-0 new ads have been found for alert fontaine
2023-07-13 18:01:24,776-INFO-0 new ads have been found for alert St egreve
2023-07-13 18:01:25,282-INFO-0 new ads have been found for alert bourgoin jallieu
2023-07-13 18:01:25,287-INFO-0 new ads have been found for alert St martin d'hères
2023-07-13 18:01:25,293-INFO-0 new ads have been found for alert meylan
2023-07-13 18:01:25,304-INFO-0 new ads have been found for alert grenoble
2023-07-13 20:04:18,601 - INFO - Authentification succeeded (200)
2023-07-13 20:04:18,921 - INFO - Authentification succeeded (200)
2023-07-13 20:04:19,447 - INFO - 1 / 7 alerts have been processed.
2023-07-13 20:04:19,879 - INFO - 2 / 7 alerts have been processed.
2023-07-13 20:04:20,396 - INFO - 3 / 7 alerts have been processed.
2023-07-13 20:04:20,825 - INFO - 4 / 7 alerts have been processed.
2023-07-13 20:04:21,465 - INFO - 5 / 7 alerts have been processed.
2023-07-13 20:04:21,965 - INFO - 6 / 7 alerts have been processed.
2023-07-13 20:04:22,447 - INFO - 7 / 7 alerts have been processed.
2023-07-13 20:04:23,240 - INFO - 2 new ads have been found for alert meylan
2023-07-13 20:04:24,004 - INFO - 1 new ads have been found for alert St martin d'hères
2023-07-13 20:04:24,023 - INFO - 2 new ads have been found for alert bourgoin jallieu
2023-07-13 20:04:24,425 - INFO - 0 new ads have been found for alert St egreve
2023-07-13 20:04:24,471 - INFO - 0 new ads have been found for alert fontaine
2023-07-13 20:04:24,483 - INFO - 6 new ads have been found for alert grenoble
2023-07-13 20:04:26,174 - INFO - 128 new ads have been found for alert grenoble location
2023-07-13 20:05:13,458 - INFO - Authentification succeeded (200)
2023-07-13 20:05:13,755 - INFO - Authentification succeeded (200)
2023-07-13 20:05:14,457 - INFO - 1 / 7 alerts have been processed.
2023-07-13 20:05:14,991 - INFO - 2 / 7 alerts have been processed.
2023-07-13 20:05:15,439 - INFO - 3 / 7 alerts have been processed.
2023-07-13 20:05:16,042 - INFO - 4 / 7 alerts have been processed.
2023-07-13 20:05:16,453 - INFO - 5 / 7 alerts have been processed.
2023-07-13 20:05:16,934 - INFO - 6 / 7 alerts have been processed.
2023-07-13 20:05:17,390 - INFO - 7 / 7 alerts have been processed.
2023-07-13 20:05:18,169 - INFO - 0 new ads have been found for alert St egreve
2023-07-13 20:05:18,177 - INFO - 0 new ads have been found for alert grenoble location
2023-07-13 20:05:18,223 - INFO - 0 new ads have been found for alert meylan
2023-07-13 20:05:18,560 - INFO - 0 new ads have been found for alert St martin d'hères
2023-07-13 20:05:18,590 - INFO - 0 new ads have been found for alert fontaine
2023-07-13 20:05:18,609 - INFO - 0 new ads have been found for alert grenoble
2023-07-13 20:05:18,617 - INFO - 0 new ads have been found for alert bourgoin jallieu
2023-07-13 20:06:32,412 - INFO - Authentification succeeded (200)
2023-07-13 20:06:32,726 - INFO - Authentification succeeded (200)
2023-07-13 20:06:33,349 - INFO - 1 / 7 alerts have been processed.
2023-07-13 20:06:33,874 - INFO - 2 / 7 alerts have been processed.
2023-07-13 20:06:34,268 - INFO - 3 / 7 alerts have been processed.
2023-07-13 20:06:34,660 - INFO - 4 / 7 alerts have been processed.
2023-07-13 20:06:35,380 - INFO - 5 / 7 alerts have been processed.
2023-07-13 20:06:35,751 - INFO - 6 / 7 alerts have been processed.
2023-07-13 20:06:36,273 - INFO - 7 / 7 alerts have been processed.
2023-07-13 20:06:36,777 - INFO - 0 new ads have been found for alert grenoble location
2023-07-13 20:06:37,220 - INFO - 0 new ads have been found for alert St egreve
2023-07-13 20:06:37,273 - INFO - 0 new ads have been found for alert grenoble
2023-07-13 20:06:37,312 - INFO - 0 new ads have been found for alert St martin d'hères
2023-07-13 20:06:37,746 - INFO - 0 new ads have been found for alert meylan
2023-07-13 20:06:37,779 - INFO - 0 new ads have been found for alert bourgoin jallieu
2023-07-13 20:06:37,794 - INFO - 0 new ads have been found for alert fontaine
2023-07-13 20:07:12,924 - INFO - Authentification succeeded (200)
2023-07-13 20:07:13,250 - INFO - Authentification succeeded (200)
2023-07-13 20:07:14,033 - INFO - 1 / 7 alerts have been processed.
2023-07-13 20:07:14,471 - INFO - 2 / 7 alerts have been processed.
2023-07-13 20:07:14,922 - INFO - 3 / 7 alerts have been processed.
2023-07-13 20:07:15,340 - INFO - 4 / 7 alerts have been processed.
2023-07-13 20:07:15,815 - INFO - 5 / 7 alerts have been processed.
2023-07-13 20:07:16,202 - INFO - 6 / 7 alerts have been processed.
2023-07-13 20:07:16,635 - INFO - 7 / 7 alerts have been processed.
2023-07-13 20:07:17,067 - INFO - 0 new ads have been found for alert grenoble location
2023-07-13 20:07:17,460 - INFO - 0 new ads have been found for alert grenoble
2023-07-13 20:07:17,734 - INFO - 0 new ads have been found for alert bourgoin jallieu
2023-07-13 20:07:17,744 - INFO - 0 new ads have been found for alert St martin d'hères
2023-07-13 20:07:18,179 - INFO - 0 new ads have been found for alert fontaine
2023-07-13 20:07:18,193 - INFO - 0 new ads have been found for alert meylan
2023-07-13 20:07:18,194 - INFO - 0 new ads have been found for alert St egreve
2023-07-13 20:08:30,922 - INFO - Authentification succeeded (200)
2023-07-13 20:08:31,334 - INFO - Authentification succeeded (200)
2023-07-13 20:08:32,325 - INFO - 1 / 7 alerts have been processed.
2023-07-13 20:08:32,747 - INFO - 2 / 7 alerts have been processed.
2023-07-13 20:08:33,209 - INFO - 3 / 7 alerts have been processed.
2023-07-13 20:08:33,703 - INFO - 4 / 7 alerts have been processed.
2023-07-13 20:08:34,109 - INFO - 5 / 7 alerts have been processed.
2023-07-13 20:08:35,022 - INFO - 6 / 7 alerts have been processed.
2023-07-13 20:08:35,553 - INFO - 7 / 7 alerts have been processed.
2023-07-13 20:08:35,978 - INFO - 0 new ads have been found for alert meylan
2023-07-13 20:08:36,278 - INFO - 0 new ads have been found for alert grenoble location
2023-07-13 20:08:36,280 - INFO - 0 new ads have been found for alert St egreve
2023-07-13 20:08:36,599 - INFO - 0 new ads have been found for alert St martin d'hères
2023-07-13 20:08:36,630 - INFO - 0 new ads have been found for alert bourgoin jallieu
2023-07-13 20:08:36,643 - INFO - 0 new ads have been found for alert grenoble
2023-07-13 20:08:36,649 - INFO - 0 new ads have been found for alert fontaine
2023-07-13 20:09:03,434 - INFO - Authentification succeeded (200)
2023-07-13 20:09:03,753 - INFO - Authentification succeeded (200)
2023-07-13 20:09:04,360 - INFO - 1 / 7 alerts have been processed.
2023-07-13 20:09:04,743 - INFO - 2 / 7 alerts have been processed.
2023-07-13 20:09:05,141 - INFO - 3 / 7 alerts have been processed.
2023-07-13 20:09:05,524 - INFO - 4 / 7 alerts have been processed.
2023-07-13 20:09:05,912 - INFO - 5 / 7 alerts have been processed.
2023-07-13 20:09:06,359 - INFO - 6 / 7 alerts have been processed.
2023-07-13 20:09:06,834 - INFO - 7 / 7 alerts have been processed.
2023-07-13 20:09:07,401 - INFO - 0 new ads have been found for alert St egreve
2023-07-13 20:09:07,697 - INFO - 0 new ads have been found for alert St martin d'hères
2023-07-13 20:09:07,923 - INFO - 0 new ads have been found for alert grenoble
2023-07-13 20:09:08,186 - INFO - Authentification succeeded (200)
2023-07-13 20:09:08,982 - INFO - Authentification succeeded (200)
2023-07-13 20:09:09,124 - INFO - 0 new ads have been found for alert fontaine
2023-07-13 20:09:09,128 - INFO - 0 new ads have been found for alert grenoble location
2023-07-13 20:09:09,137 - INFO - 0 new ads have been found for alert meylan
2023-07-13 20:09:09,142 - INFO - 0 new ads have been found for alert bourgoin jallieu
2023-07-13 20:09:09,489 - INFO - 1 / 7 alerts have been processed.
2023-07-13 20:09:09,851 - INFO - 2 / 7 alerts have been processed.
2023-07-13 20:09:10,305 - INFO - 3 / 7 alerts have been processed.
2023-07-13 20:09:10,763 - INFO - 4 / 7 alerts have been processed.
2023-07-13 20:09:11,177 - INFO - 5 / 7 alerts have been processed.
2023-07-13 20:09:11,577 - INFO - 6 / 7 alerts have been processed.
2023-07-13 20:09:11,984 - INFO - 7 / 7 alerts have been processed.
2023-07-13 20:09:12,432 - INFO - 0 new ads have been found for alert St egreve
2023-07-13 20:09:13,034 - INFO - 0 new ads have been found for alert St martin d'hères
2023-07-13 20:09:13,069 - INFO - 0 new ads have been found for alert meylan
2023-07-13 20:09:13,076 - INFO - 0 new ads have been found for alert grenoble
2023-07-13 20:09:13,077 - INFO - 0 new ads have been found for alert fontaine
2023-07-13 20:09:13,113 - INFO - 0 new ads have been found for alert bourgoin jallieu
2023-07-13 20:09:13,132 - INFO - 0 new ads have been found for alert grenoble location
2023-07-13 20:09:48,271 - INFO - Authentification succeeded (200)
2023-07-13 20:09:48,562 - INFO - Authentification succeeded (200)
2023-07-13 20:09:49,098 - INFO - 1 / 7 alerts have been processed.
2023-07-13 20:09:49,441 - INFO - 2 / 7 alerts have been processed.
2023-07-13 20:09:49,956 - INFO - 3 / 7 alerts have been processed.
2023-07-13 20:09:50,376 - INFO - 4 / 7 alerts have been processed.
2023-07-13 20:09:50,790 - INFO - 5 / 7 alerts have been processed.
2023-07-13 20:09:51,327 - INFO - 6 / 7 alerts have been processed.
2023-07-13 20:09:51,729 - INFO - 7 / 7 alerts have been processed.
2023-07-13 20:09:52,219 - INFO - 0 new ads have been found for alert St egreve
2023-07-13 20:09:52,507 - INFO - 0 new ads have been found for alert bourgoin jallieu
2023-07-13 20:09:52,638 - INFO - 0 new ads have been found for alert fontaine
2023-07-13 20:09:52,751 - INFO - 0 new ads have been found for alert St martin d'hères
2023-07-13 20:09:52,772 - INFO - 0 new ads have been found for alert meylan
2023-07-13 20:09:53,058 - INFO - 0 new ads have been found for alert grenoble location
2023-07-13 20:09:53,078 - INFO - 0 new ads have been found for alert grenoble
2023-07-13 20:10:15,181 - CRITICAL - Authentification failed with error 400
2023-07-13 20:10:19,223 - INFO - Authentification succeeded (200)
2023-07-13 20:10:19,505 - INFO - Authentification succeeded (200)
2023-07-13 20:10:20,021 - INFO - 1 / 7 alerts have been processed.
2023-07-13 20:10:20,406 - INFO - 2 / 7 alerts have been processed.
2023-07-13 20:10:20,911 - INFO - 3 / 7 alerts have been processed.
2023-07-13 20:10:21,453 - INFO - 4 / 7 alerts have been processed.
2023-07-13 20:10:22,014 - INFO - 5 / 7 alerts have been processed.
2023-07-13 20:10:22,491 - INFO - 6 / 7 alerts have been processed.
2023-07-13 20:10:22,979 - INFO - 7 / 7 alerts have been processed.
2023-07-13 20:10:23,428 - INFO - 0 new ads have been found for alert meylan
2023-07-13 20:10:23,713 - INFO - 0 new ads have been found for alert fontaine
2023-07-13 20:10:23,737 - INFO - 0 new ads have been found for alert grenoble location
2023-07-13 20:10:23,763 - INFO - 0 new ads have been found for alert St egreve
2023-07-13 20:10:24,387 - INFO - 0 new ads have been found for alert St martin d'hères
2023-07-13 20:10:24,401 - INFO - 0 new ads have been found for alert bourgoin jallieu
2023-07-13 20:10:24,414 - INFO - 0 new ads have been found for alert grenoble
