2023-07-23 00:04:20,569 - INFO - Deleted 0 duplicates from ads_paris_16_loc_for_rent
2023-07-23 00:04:20,570 - INFO - Deleted 0 duplicates from ads_grenoble_gem_studios_for_rent
2023-07-23 00:04:20,572 - INFO - Deleted 0 duplicates from ads_Montpellier_for_invest
2023-07-23 00:04:20,572 - INFO - Deleted 0 duplicates from ads_Voreppe_for_rent
2023-07-23 00:04:20,573 - INFO - Deleted 0 duplicates from ads_Bourgoin_Jallieu_for_rent
2023-07-23 00:04:20,573 - INFO - Deleted 0 duplicates from ads_Bourgoin_Jallieu_for_invest
2023-07-23 00:04:20,574 - INFO - Deleted 0 duplicates from ads_Grenoble_for_rent
2023-07-23 00:04:20,576 - INFO - Deleted 0 duplicates from ads_Grenoble_for_invest
2023-07-23 00:04:20,576 - INFO - Deleted 0 duplicates from ads_Fontaine_for_rent
2023-07-23 00:04:20,577 - INFO - Deleted 0 duplicates from ads_Fontaine_for_invest
2023-07-23 00:04:20,577 - INFO - Deleted 0 duplicates from ads_Meylan_for_invest
2023-07-23 00:04:20,577 - INFO - Deleted 0 duplicates from ads_St_Martin_D_Heres_for_rent
2023-07-23 00:04:20,578 - INFO - Deleted 0 duplicates from ads_St_Martin_D_Heres_for_invest
2023-07-23 00:04:20,578 - INFO - Deleted 0 duplicates from ads_St_Egreve_for_rent
2023-07-23 00:04:20,578 - INFO - Deleted 0 duplicates from ads_St_Egreve_for_invest
2023-07-23 00:04:20,579 - INFO - Deleted 0 duplicates from ads_grenoble_centre_for_invest
2023-07-23 00:04:20,579 - INFO - Deleted 0 duplicates from ads_Echirolles_for_invest
2023-07-23 00:04:20,581 - INFO - Deleted 0 duplicates from ads_lyon_for_invest
2023-07-23 00:04:20,582 - INFO - Deleted 0 ads from ads_paris_16_loc_for_rent of source morningcroissant
2023-07-23 00:04:20,582 - INFO - Deleted 0 ads from ads_grenoble_gem_studios_for_rent of source morningcroissant
2023-07-23 00:04:20,583 - INFO - Deleted 0 ads from ads_Montpellier_for_invest of source morningcroissant
2023-07-23 00:04:20,583 - INFO - Deleted 0 ads from ads_Voreppe_for_rent of source morningcroissant
2023-07-23 00:04:20,583 - INFO - Deleted 0 ads from ads_Bourgoin_Jallieu_for_rent of source morningcroissant
2023-07-23 00:04:20,583 - INFO - Deleted 0 ads from ads_Bourgoin_Jallieu_for_invest of source morningcroissant
2023-07-23 00:04:20,584 - INFO - Deleted 0 ads from ads_Grenoble_for_rent of source morningcroissant
2023-07-23 00:04:20,584 - INFO - Deleted 0 ads from ads_Grenoble_for_invest of source morningcroissant
2023-07-23 00:04:20,585 - INFO - Deleted 0 ads from ads_Fontaine_for_rent of source morningcroissant
2023-07-23 00:04:20,585 - INFO - Deleted 0 ads from ads_Fontaine_for_invest of source morningcroissant
2023-07-23 00:04:20,587 - INFO - Deleted 0 ads from ads_Meylan_for_invest of source morningcroissant
2023-07-23 00:04:20,587 - INFO - Deleted 0 ads from ads_St_Martin_D_Heres_for_rent of source morningcroissant
2023-07-23 00:04:20,587 - INFO - Deleted 0 ads from ads_St_Martin_D_Heres_for_invest of source morningcroissant
2023-07-23 00:04:20,588 - INFO - Deleted 0 ads from ads_St_Egreve_for_rent of source morningcroissant
2023-07-23 00:04:20,588 - INFO - Deleted 0 ads from ads_St_Egreve_for_invest of source morningcroissant
2023-07-23 00:04:20,588 - INFO - Deleted 0 ads from ads_grenoble_centre_for_invest of source morningcroissant
2023-07-23 00:04:20,588 - INFO - Deleted 0 ads from ads_Echirolles_for_invest of source morningcroissant
2023-07-23 00:04:20,589 - INFO - Deleted 0 ads from ads_lyon_for_invest of source morningcroissant
