2023-07-23 00:00:22,711 - INFO - Authentification succeeded (200)
2023-07-23 00:00:23,521 - INFO - 1 / 18 alerts have been processed.
2023-07-23 00:00:24,202 - INFO - 2 / 18 alerts have been processed.
2023-07-23 00:00:24,670 - INFO - 3 / 18 alerts have been processed.
2023-07-23 00:00:25,125 - INFO - 4 / 18 alerts have been processed.
2023-07-23 00:00:25,529 - INFO - 5 / 18 alerts have been processed.
2023-07-23 00:00:25,901 - INFO - 6 / 18 alerts have been processed.
2023-07-23 00:00:26,336 - INFO - 7 / 18 alerts have been processed.
2023-07-23 00:00:26,850 - INFO - 8 / 18 alerts have been processed.
2023-07-23 00:00:27,263 - INFO - 9 / 18 alerts have been processed.
2023-07-23 00:00:27,840 - INFO - 10 / 18 alerts have been processed.
2023-07-23 00:00:28,303 - INFO - 11 / 18 alerts have been processed.
2023-07-23 00:00:28,720 - INFO - 12 / 18 alerts have been processed.
2023-07-23 00:00:29,248 - INFO - 13 / 18 alerts have been processed.
2023-07-23 00:00:29,659 - INFO - 14 / 18 alerts have been processed.
2023-07-23 00:00:30,059 - INFO - 15 / 18 alerts have been processed.
2023-07-23 00:00:30,493 - INFO - 16 / 18 alerts have been processed.
2023-07-23 00:00:30,913 - INFO - 17 / 18 alerts have been processed.
2023-07-23 00:00:31,377 - INFO - 18 / 18 alerts have been processed.
2023-07-23 00:00:31,802 - INFO - 0 new ads have been found for alert voreppe loc
2023-07-23 00:00:32,633 - INFO - 0 new ads have been found for alert echirolles
2023-07-23 00:00:32,651 - INFO - 0 new ads have been found for alert bourgoin loc
2023-07-23 00:00:32,804 - INFO - 0 new ads have been found for alert fontaine loc
2023-07-23 00:00:32,815 - INFO - 0 new ads have been found for alert lyon
2023-07-23 00:00:32,849 - INFO - 0 new ads have been found for alert SMH loc
2023-07-23 00:00:33,023 - INFO - 0 new ads have been found for alert grenoble centre 
2023-07-23 00:00:33,224 - INFO - 0 new ads have been found for alert St martin d'hères
2023-07-23 00:00:33,240 - INFO - 0 new ads have been found for alert bourgoin jallieu
2023-07-23 00:00:33,441 - INFO - 0 new ads have been found for alert St egreve
2023-07-23 00:00:33,517 - INFO - 0 new ads have been found for alert fontaine
2023-07-23 00:00:33,749 - INFO - 0 new ads have been found for alert grenoble
2023-07-23 00:00:34,117 - INFO - 0 new ads have been found for alert St egreve loc
2023-07-23 00:00:34,155 - INFO - 0 new ads have been found for alert grenoble gem studios
2023-07-23 00:00:34,181 - INFO - 0 new ads have been found for alert mtp
2023-07-23 00:00:34,210 - INFO - 0 new ads have been found for alert paris 16 loc
2023-07-23 00:00:34,252 - INFO - 0 new ads have been found for alert grenoble location
2023-07-23 00:00:34,273 - INFO - 0 new ads have been found for alert meylan
